-------------------------------------------------------------------------------
Test set: ddd.raizes_solidarias.MyResourceTest
-------------------------------------------------------------------------------
Tests run: 1, Failures: 1, Errors: 0, Skipped: 0, Time elapsed: 0.008 sec <<< FAILURE!
ddd.raizes_solidarias.MyResourceTest.testGetIt()  Time elapsed: 0.008 sec  <<< FAILURE!
java.lang.NullPointerException: Cannot invoke "jakarta.ws.rs.client.WebTarget.path(String)" because "this.target" is null
	at ddd.raizes_solidarias.MyResourceTest.testGetIt(MyResourceTest.java:45)

